make all --print-data-base --no-builtin-variables --no-builtin-rules --question
# GNU Make 3.81
# Copyright (C) 2006  Free Software Foundation, Inc.
# This is free software; see the source for copying conditions.
# There is NO warranty; not even for MERCHANTABILITY or FITNESS FOR A
# PARTICULAR PURPOSE.

# This program built for i386-apple-darwin11.3.0
 
make: *** No rule to make target `all'.  Stop.


# Make data base, printed on Mon Jun  6 16:07:24 2022

# Variables

# automatic
<D = $(patsubst %/,%,$(dir $<))
# automatic
?F = $(notdir $?)
# environment
VSCODE_LOG_NATIVE = false
# automatic
?D = $(patsubst %/,%,$(dir $?))
# automatic
@D = $(patsubst %/,%,$(dir $@))
# automatic
@F = $(notdir $@)
# makefile
CURDIR := /Users/sidp/Personal/RobomasterProg/aimbots-dev
# makefile
SHELL = /bin/sh
# environment
VSCODE_NLS_CONFIG = {"locale":"en-us","availableLanguages":{},"_languagePackSupport":true}
# environment
_ = /usr/bin/make
# makefile
MAKEFILE_LIST := 
# environment
VSCODE_VERBOSE_LOGGING = true
# environment
__CFBundleIdentifier = com.microsoft.VSCode
<<<<<<< HEAD
 
=======
>>>>>>> robots/sentry
# environment
INFOPATH = /opt/homebrew/share/info:
# environment
P9K_SSH = 0
# environment
<<<<<<< HEAD
VSCODE_IPC_HOOK_EXTHOST = /var/folders/qq/7pk6wq_j6fv702zryd7k4n740000gn/T/vscode-ipc-d578d819-1a53-496a-b389-e501de33d2d8.sock
=======
VSCODE_IPC_HOOK_EXTHOST = /var/folders/qq/7pk6wq_j6fv702zryd7k4n740000gn/T/vscode-ipc-73d17489-d3ae-46e1-8901-6ee9ed11249c.sock
>>>>>>> robots/sentry
# environment
VSCODE_CWD = /
# environment
PATH = /opt/local/bin:/opt/local/sbin:/opt/homebrew/bin:/opt/homebrew/sbin:/usr/local/bin:/usr/bin:/bin:/usr/sbin:/sbin:/Library/Apple/usr/bin
# environment
LSCOLORS = Gxfxcxdxbxegedabagacad
# environment
<<<<<<< HEAD
LaunchInstanceID = 744A89AF-BA49-455D-BD8B-D85D66C1D7F2
# environment
=======
>>>>>>> robots/sentry
VSCODE_LOG_STACK = false
# environment
ELECTRON_RUN_AS_NODE = 1
# default
.FEATURES := target-specific order-only second-expansion else-if archives jobserver check-symlink
# environment
<<<<<<< HEAD
SSH_AUTH_SOCK = /private/tmp/com.apple.launchd.zWumsvj45n/Listeners
=======
SSH_AUTH_SOCK = /private/tmp/com.apple.launchd.FKXH8t5WLf/Listeners
>>>>>>> robots/sentry
# automatic
%F = $(notdir $%)
# environment
VSCODE_PIPE_LOGGING = true
# environment
PWD = /Users/sidp/Personal/RobomasterProg/aimbots-dev
# environment
HOMEBREW_CELLAR = /opt/homebrew/Cellar
# environment
ORIGINAL_XDG_CURRENT_DESKTOP = undefined
# environment
MANPATH = /opt/local/share/man:/opt/homebrew/share/man::
# environment
VSCODE_AMD_ENTRYPOINT = vs/workbench/api/node/extensionHostProcess
# environment
HOME = /Users/sidp
# default
MAKEFILEPATH := /Applications/Xcode.app/Contents/Developer/Makefiles
# environment
<<<<<<< HEAD
VSCODE_CODE_CACHE_PATH = /Users/sidp/Library/Application Support/Code/CachedData/57fd6d0195bb9b9d1b49f6da5db789060795de47
# environment
LOGNAME = sidp
# environment
APPLICATION_INSIGHTS_NO_DIAGNOSTIC_CHANNEL = true
=======
VSCODE_CODE_CACHE_PATH = /Users/sidp/Library/Application Support/Code/CachedData/c3511e6c69bb39013c4a4b7b9566ec1ca73fc4d5
# environment
LOGNAME = sidp
# environment
APPLICATION_INSIGHTS_NO_DIAGNOSTIC_CHANNEL = 1
>>>>>>> robots/sentry
# environment
ZSH = /Users/sidp/.oh-my-zsh
# environment
VSCODE_HANDLES_UNCAUGHT_ERRORS = true
# automatic
^D = $(patsubst %/,%,$(dir $^))
# environment
XPC_FLAGS = 0x0
# default
MAKE = $(MAKE_COMMAND)
# default
MAKECMDGOALS := all
# environment
SHLVL = 1
# default
MAKE_VERSION := 3.81
# environment
USER = sidp
# makefile
.DEFAULT_GOAL := 
# environment
LESS = -R
# automatic
%D = $(patsubst %/,%,$(dir $%))
# default
MAKE_COMMAND := /Applications/Xcode.app/Contents/Developer/usr/bin/make
# default
.VARIABLES := 
# environment
TMPDIR = /var/folders/qq/7pk6wq_j6fv702zryd7k4n740000gn/T/
# automatic
*F = $(notdir $*)
# environment
<<<<<<< HEAD
VSCODE_IPC_HOOK = /Users/sidp/Library/Application Support/Code/1.67.0-main.sock
=======
VSCODE_IPC_HOOK = /Users/sidp/Library/Application Support/Code/1.67.2-main.sock
>>>>>>> robots/sentry
# makefile
MAKEFLAGS = Rrqp
# environment
MFLAGS = -Rrqp
# automatic
*D = $(patsubst %/,%,$(dir $*))
# environment
<<<<<<< HEAD
XPC_SERVICE_NAME = application.com.microsoft.VSCode.8597468.8597474
=======
XPC_SERVICE_NAME = application.com.microsoft.VSCode.11170520.11170526
>>>>>>> robots/sentry
# environment
HOMEBREW_PREFIX = /opt/homebrew
# automatic
+D = $(patsubst %/,%,$(dir $+))
# automatic
+F = $(notdir $+)
# environment
HOMEBREW_REPOSITORY = /opt/homebrew
# environment
__CF_USER_TEXT_ENCODING = 0x1F5:0x0:0x0
# environment
COMMAND_MODE = unix2003
# default
MAKEFILES := 
# automatic
<F = $(notdir $<)
# environment
PAGER = less
# environment
LC_ALL = C
<<<<<<< HEAD
# environment
SECURITYSESSIONID = 186b3
=======
>>>>>>> robots/sentry
# automatic
^F = $(notdir $^)
# default
SUFFIXES := 
# default
.INCLUDE_DIRS = /usr/local/include
# environment
MAKELEVEL := 0
# environment
LANG = C
# environment
<<<<<<< HEAD
VSCODE_PID = 582
# variable set hash-table stats:
# Load=74/1024=7%, Rehash=0, Collisions=1/95=1%
=======
VSCODE_PID = 1779
# variable set hash-table stats:
# Load=72/1024=7%, Rehash=0, Collisions=1/93=1%
>>>>>>> robots/sentry

# Pattern-specific Variable Values

# No pattern-specific variable values.

# Directories

# . (device 16777232, inode 788717): 19 files, no impossibilities.

# 19 files, no impossibilities in 1 directories.

# Implicit Rules

# No implicit rules.

# Files

# Not a target:
all:
#  Command-line target.
#  Implicit rule search has been done.
#  File does not exist.
#  File has not been updated.
# variable set hash-table stats:
# Load=0/32=0%, Rehash=0, Collisions=0/0=0%

# Not a target:
.SUFFIXES:
#  Implicit rule search has not been done.
#  Modification time never checked.
#  File has not been updated.

# Not a target:
Makefile:
#  A default, MAKEFILES, or -include/sinclude makefile.
#  Implicit rule search has been done.
#  File does not exist.
#  File has been updated.
#  Failed to be updated.
# variable set hash-table stats:
# Load=0/32=0%, Rehash=0, Collisions=0/0=0%

# Not a target:
makefile:
#  A default, MAKEFILES, or -include/sinclude makefile.
#  Implicit rule search has been done.
#  File does not exist.
#  File has been updated.
#  Failed to be updated.
# variable set hash-table stats:
# Load=0/32=0%, Rehash=0, Collisions=0/0=0%

# Not a target:
.DEFAULT:
#  Implicit rule search has not been done.
#  Modification time never checked.
#  File has not been updated.

# Not a target:
GNUmakefile:
#  A default, MAKEFILES, or -include/sinclude makefile.
#  Implicit rule search has been done.
#  File does not exist.
#  File has been updated.
#  Failed to be updated.
# variable set hash-table stats:
# Load=0/32=0%, Rehash=0, Collisions=0/0=0%

# files hash-table stats:
# Load=6/1024=1%, Rehash=0, Collisions=0/17=0%
# VPATH Search Paths

# No `vpath' search paths.

# No general (`VPATH' variable) search path.

# # of strings in strcache: 0
# # of strcache buffers: 0
# strcache size: total = 0 / max = 0 / min = 4096 / avg = 0
# strcache free: total = 0 / max = 0 / min = 4096 / avg = 0

<<<<<<< HEAD
# Finished Make data base on Fri May 13 17:18:36 2022
=======
# Finished Make data base on Mon Jun  6 16:07:24 2022
>>>>>>> robots/sentry

 
